Created by PLY version 3.11 (http://www.dabeaz.com/ply)

Grammar

Rule 0     S' -> expr
Rule 1     expr -> expr OR expr
Rule 2     expr -> expr AND expr
Rule 3     expr -> expr THEN expr
Rule 4     expr -> expr DOUBLEIF expr
Rule 5     expr -> NEGATE expr
Rule 6     expr -> LPAREN expr RPAREN
Rule 7     expr -> LETTER

Terminals, with rules where they appear

AND                  : 2
DOUBLEIF             : 4
LETTER               : 7
LPAREN               : 6
NEGATE               : 5
OR                   : 1
RPAREN               : 6
THEN                 : 3
error                : 

Nonterminals, with rules where they appear

expr                 : 1 1 2 2 3 3 4 4 5 6 0

Parsing method: LALR

state 0

    (0) S' -> . expr
    (1) expr -> . expr OR expr
    (2) expr -> . expr AND expr
    (3) expr -> . expr THEN expr
    (4) expr -> . expr DOUBLEIF expr
    (5) expr -> . NEGATE expr
    (6) expr -> . LPAREN expr RPAREN
    (7) expr -> . LETTER

    NEGATE          shift and go to state 2
    LPAREN          shift and go to state 3
    LETTER          shift and go to state 4

    expr                           shift and go to state 1

state 1

    (0) S' -> expr .
    (1) expr -> expr . OR expr
    (2) expr -> expr . AND expr
    (3) expr -> expr . THEN expr
    (4) expr -> expr . DOUBLEIF expr

    OR              shift and go to state 5
    AND             shift and go to state 6
    THEN            shift and go to state 7
    DOUBLEIF        shift and go to state 8


state 2

    (5) expr -> NEGATE . expr
    (1) expr -> . expr OR expr
    (2) expr -> . expr AND expr
    (3) expr -> . expr THEN expr
    (4) expr -> . expr DOUBLEIF expr
    (5) expr -> . NEGATE expr
    (6) expr -> . LPAREN expr RPAREN
    (7) expr -> . LETTER

    NEGATE          shift and go to state 2
    LPAREN          shift and go to state 3
    LETTER          shift and go to state 4

    expr                           shift and go to state 9

state 3

    (6) expr -> LPAREN . expr RPAREN
    (1) expr -> . expr OR expr
    (2) expr -> . expr AND expr
    (3) expr -> . expr THEN expr
    (4) expr -> . expr DOUBLEIF expr
    (5) expr -> . NEGATE expr
    (6) expr -> . LPAREN expr RPAREN
    (7) expr -> . LETTER

    NEGATE          shift and go to state 2
    LPAREN          shift and go to state 3
    LETTER          shift and go to state 4

    expr                           shift and go to state 10

state 4

    (7) expr -> LETTER .

    OR              reduce using rule 7 (expr -> LETTER .)
    AND             reduce using rule 7 (expr -> LETTER .)
    THEN            reduce using rule 7 (expr -> LETTER .)
    DOUBLEIF        reduce using rule 7 (expr -> LETTER .)
    $end            reduce using rule 7 (expr -> LETTER .)
    RPAREN          reduce using rule 7 (expr -> LETTER .)


state 5

    (1) expr -> expr OR . expr
    (1) expr -> . expr OR expr
    (2) expr -> . expr AND expr
    (3) expr -> . expr THEN expr
    (4) expr -> . expr DOUBLEIF expr
    (5) expr -> . NEGATE expr
    (6) expr -> . LPAREN expr RPAREN
    (7) expr -> . LETTER

    NEGATE          shift and go to state 2
    LPAREN          shift and go to state 3
    LETTER          shift and go to state 4

    expr                           shift and go to state 11

state 6

    (2) expr -> expr AND . expr
    (1) expr -> . expr OR expr
    (2) expr -> . expr AND expr
    (3) expr -> . expr THEN expr
    (4) expr -> . expr DOUBLEIF expr
    (5) expr -> . NEGATE expr
    (6) expr -> . LPAREN expr RPAREN
    (7) expr -> . LETTER

    NEGATE          shift and go to state 2
    LPAREN          shift and go to state 3
    LETTER          shift and go to state 4

    expr                           shift and go to state 12

state 7

    (3) expr -> expr THEN . expr
    (1) expr -> . expr OR expr
    (2) expr -> . expr AND expr
    (3) expr -> . expr THEN expr
    (4) expr -> . expr DOUBLEIF expr
    (5) expr -> . NEGATE expr
    (6) expr -> . LPAREN expr RPAREN
    (7) expr -> . LETTER

    NEGATE          shift and go to state 2
    LPAREN          shift and go to state 3
    LETTER          shift and go to state 4

    expr                           shift and go to state 13

state 8

    (4) expr -> expr DOUBLEIF . expr
    (1) expr -> . expr OR expr
    (2) expr -> . expr AND expr
    (3) expr -> . expr THEN expr
    (4) expr -> . expr DOUBLEIF expr
    (5) expr -> . NEGATE expr
    (6) expr -> . LPAREN expr RPAREN
    (7) expr -> . LETTER

    NEGATE          shift and go to state 2
    LPAREN          shift and go to state 3
    LETTER          shift and go to state 4

    expr                           shift and go to state 14

state 9

    (5) expr -> NEGATE expr .
    (1) expr -> expr . OR expr
    (2) expr -> expr . AND expr
    (3) expr -> expr . THEN expr
    (4) expr -> expr . DOUBLEIF expr

    OR              reduce using rule 5 (expr -> NEGATE expr .)
    AND             reduce using rule 5 (expr -> NEGATE expr .)
    THEN            reduce using rule 5 (expr -> NEGATE expr .)
    DOUBLEIF        reduce using rule 5 (expr -> NEGATE expr .)
    $end            reduce using rule 5 (expr -> NEGATE expr .)
    RPAREN          reduce using rule 5 (expr -> NEGATE expr .)

  ! OR              [ shift and go to state 5 ]
  ! AND             [ shift and go to state 6 ]
  ! THEN            [ shift and go to state 7 ]
  ! DOUBLEIF        [ shift and go to state 8 ]


state 10

    (6) expr -> LPAREN expr . RPAREN
    (1) expr -> expr . OR expr
    (2) expr -> expr . AND expr
    (3) expr -> expr . THEN expr
    (4) expr -> expr . DOUBLEIF expr

    RPAREN          shift and go to state 15
    OR              shift and go to state 5
    AND             shift and go to state 6
    THEN            shift and go to state 7
    DOUBLEIF        shift and go to state 8


state 11

    (1) expr -> expr OR expr .
    (1) expr -> expr . OR expr
    (2) expr -> expr . AND expr
    (3) expr -> expr . THEN expr
    (4) expr -> expr . DOUBLEIF expr

    OR              reduce using rule 1 (expr -> expr OR expr .)
    AND             reduce using rule 1 (expr -> expr OR expr .)
    $end            reduce using rule 1 (expr -> expr OR expr .)
    RPAREN          reduce using rule 1 (expr -> expr OR expr .)
    THEN            shift and go to state 7
    DOUBLEIF        shift and go to state 8

  ! THEN            [ reduce using rule 1 (expr -> expr OR expr .) ]
  ! DOUBLEIF        [ reduce using rule 1 (expr -> expr OR expr .) ]
  ! OR              [ shift and go to state 5 ]
  ! AND             [ shift and go to state 6 ]


state 12

    (2) expr -> expr AND expr .
    (1) expr -> expr . OR expr
    (2) expr -> expr . AND expr
    (3) expr -> expr . THEN expr
    (4) expr -> expr . DOUBLEIF expr

    OR              reduce using rule 2 (expr -> expr AND expr .)
    AND             reduce using rule 2 (expr -> expr AND expr .)
    $end            reduce using rule 2 (expr -> expr AND expr .)
    RPAREN          reduce using rule 2 (expr -> expr AND expr .)
    THEN            shift and go to state 7
    DOUBLEIF        shift and go to state 8

  ! THEN            [ reduce using rule 2 (expr -> expr AND expr .) ]
  ! DOUBLEIF        [ reduce using rule 2 (expr -> expr AND expr .) ]
  ! OR              [ shift and go to state 5 ]
  ! AND             [ shift and go to state 6 ]


state 13

    (3) expr -> expr THEN expr .
    (1) expr -> expr . OR expr
    (2) expr -> expr . AND expr
    (3) expr -> expr . THEN expr
    (4) expr -> expr . DOUBLEIF expr

    OR              reduce using rule 3 (expr -> expr THEN expr .)
    AND             reduce using rule 3 (expr -> expr THEN expr .)
    THEN            reduce using rule 3 (expr -> expr THEN expr .)
    DOUBLEIF        reduce using rule 3 (expr -> expr THEN expr .)
    $end            reduce using rule 3 (expr -> expr THEN expr .)
    RPAREN          reduce using rule 3 (expr -> expr THEN expr .)

  ! OR              [ shift and go to state 5 ]
  ! AND             [ shift and go to state 6 ]
  ! THEN            [ shift and go to state 7 ]
  ! DOUBLEIF        [ shift and go to state 8 ]


state 14

    (4) expr -> expr DOUBLEIF expr .
    (1) expr -> expr . OR expr
    (2) expr -> expr . AND expr
    (3) expr -> expr . THEN expr
    (4) expr -> expr . DOUBLEIF expr

    OR              reduce using rule 4 (expr -> expr DOUBLEIF expr .)
    AND             reduce using rule 4 (expr -> expr DOUBLEIF expr .)
    THEN            reduce using rule 4 (expr -> expr DOUBLEIF expr .)
    DOUBLEIF        reduce using rule 4 (expr -> expr DOUBLEIF expr .)
    $end            reduce using rule 4 (expr -> expr DOUBLEIF expr .)
    RPAREN          reduce using rule 4 (expr -> expr DOUBLEIF expr .)

  ! OR              [ shift and go to state 5 ]
  ! AND             [ shift and go to state 6 ]
  ! THEN            [ shift and go to state 7 ]
  ! DOUBLEIF        [ shift and go to state 8 ]


state 15

    (6) expr -> LPAREN expr RPAREN .

    OR              reduce using rule 6 (expr -> LPAREN expr RPAREN .)
    AND             reduce using rule 6 (expr -> LPAREN expr RPAREN .)
    THEN            reduce using rule 6 (expr -> LPAREN expr RPAREN .)
    DOUBLEIF        reduce using rule 6 (expr -> LPAREN expr RPAREN .)
    $end            reduce using rule 6 (expr -> LPAREN expr RPAREN .)
    RPAREN          reduce using rule 6 (expr -> LPAREN expr RPAREN .)

